app/build/outputs/logs/manifest-merger-debug-report.txt
-- Merging decision tree log ---
manifest
ADDED from src\main\AndroidManifest.xml:2:1-34:12
	package
		ADDED from src\main\AndroidManifest.xml:3:5-35
		INJECTED from src\main\AndroidManifest.xml
		INJECTED from src\main\AndroidManifest.xml
	android:versionName
		ADDED from src\main\AndroidManifest.xml:5:5-31
		INJECTED from src\main\AndroidManifest.xml
		INJECTED from src\main\AndroidManifest.xml
	android:versionCode
		ADDED from src\main\AndroidManifest.xml:4:5-28
		INJECTED from src\main\AndroidManifest.xml
		INJECTED from src\main\AndroidManifest.xml
	xmlns:android
		ADDED from src\main\AndroidManifest.xml:2:11-69
uses-sdk
ADDED from src\main\AndroidManifest.xml:7:5-43
	android:targetSdkVersion
		INJECTED from src\main\AndroidManifest.xml
		INJECTED from src\main\AndroidManifest.xml
	android:minSdkVersion
		ADDED from src\main\AndroidManifest.xml:7:15-40
		INJECTED from src\main\AndroidManifest.xml
		INJECTED from src\main\AndroidManifest.xml
uses-permission#android.permission.INTERNET
ADDED from src\main\AndroidManifest.xml:8:5-67
	android:name
		ADDED from src\main\AndroidManifest.xml:8:22-64
application
ADDED from src\main\AndroidManifest.xml:10:5-32:19
	android:label
		ADDED from src\main\AndroidManifest.xml:12:9-41
	android:icon
		ADDED from src\main\AndroidManifest.xml:11:9-45
activity#com.Adam.GwEstimator.SearchableActivity
ADDED from src\main\AndroidManifest.xml:14:9-22:20
	android:launchMode
		ADDED from src\main\AndroidManifest.xml:15:13-43
	android:configChanges
		ADDED from src\main\AndroidManifest.xml:16:13-63
	android:name
		ADDED from src\main\AndroidManifest.xml:14:19-53
intent-filter#android.intent.action.SEARCH
ADDED from src\main\AndroidManifest.xml:17:10-19:26
action#android.intent.action.SEARCH
ADDED from src\main\AndroidManifest.xml:18:14-68
	android:name
		ADDED from src\main\AndroidManifest.xml:18:22-65
meta-data#android.app.searchable
ADDED from src\main\AndroidManifest.xml:20:10-21:56
	android:resource
		ADDED from src\main\AndroidManifest.xml:21:20-54
	android:name
		ADDED from src\main\AndroidManifest.xml:20:21-58
activity#com.Adam.GwEstimator.GwEstimatorActivity
ADDED from src\main\AndroidManifest.xml:23:10-31:20
	android:label
		ADDED from src\main\AndroidManifest.xml:23:56-88
	android:name
		ADDED from src\main\AndroidManifest.xml:23:20-55
intent-filter#android.intent.action.MAIN+android.intent.category.LAUNCHER
ADDED from src\main\AndroidManifest.xml:24:13-28:29
action#android.intent.action.MAIN
ADDED from src\main\AndroidManifest.xml:25:17-69
	android:name
		ADDED from src\main\AndroidManifest.xml:25:25-66
category#android.intent.category.LAUNCHER
ADDED from src\main\AndroidManifest.xml:27:17-77
	android:name
		ADDED from src\main\AndroidManifest.xml:27:27-74
meta-data#android.app.default_searchable
ADDED from src\main\AndroidManifest.xml:29:14-30:58
	android:value
		ADDED from src\main\AndroidManifest.xml:30:20-55
	android:name
		ADDED from src\main\AndroidManifest.xml:29:25-70